<?xml version="1.0" encoding="UTF-8"?>
<testsuite xmlns:xsi="http://www.w3.org/2001/XMLSchema-instance" xsi:noNamespaceSchemaLocation="https://maven.apache.org/surefire/maven-surefire-plugin/xsd/surefire-test-report-3.0.xsd" version="3.0" name="ma.fstg.security.SpringSecurityJpaApplicationTests" time="20.425" tests="1" errors="0" skipped="0" failures="0">
  <properties>
[...]
</properties>
  <testcase name="contextLoads" classname="ma.fstg.security.SpringSecurityJpaApplicationTests" time="4.297">
    <system-out><![CDATA[19:23:14.656 [main] INFO org.springframework.test.context.support.AnnotationConfigContextLoaderUtils -- Could not detect default configuration classes for test class [ma.fstg.security.SpringSecurityJpaApplicationTests]: SpringSecurityJpaApplicationTests does not declare any static, non-private, non-final, nested classes annotated with @Configuration.
19:23:14.846 [main] INFO org.springframework.boot.test.context.SpringBootTestContextBootstrapper -- Found @SpringBootConfiguration ma.fstg.security.SpringSecurityJpaApplication for test class ma.fstg.security.SpringSecurityJpaApplicationTests
19:23:15.196 [main] INFO org.springframework.boot.devtools.restart.RestartApplicationListener -- Restart disabled due to context in which it is running
  .   ____          _            __ _ _
 /\\ / ___'_ __ _ _(_)_ __  __ _ \ \ \ \
( ( )\___ | '_ | '_| | '_ \/ _` | \ \ \ \
 \\/  ___)| |_)| | | | | || (_| |  ) ) ) )
  '  |____| .__|_| |_|_| |_\__, | / / / /
 =========|_|==============|___/=/_/_/_/

 :: Spring Boot ::                (v3.3.0)

2026-03-22T19:23:15.615+01:00  INFO 2536 --- [SpringSecurityJPA] [           main] m.f.s.SpringSecurityJpaApplicationTests  : Starting SpringSecurityJpaApplicationTests using Java 17.0.17 with PID 2536 (started by ayoub in C:\Users\ayoub\Downloads\spring-security-jpa)
2026-03-22T19:23:15.619+01:00  INFO 2536 --- [SpringSecurityJPA] [           main] m.f.s.SpringSecurityJpaApplicationTests  : No active profile set, falling back to 1 default profile: "default"
2026-03-22T19:23:17.124+01:00  INFO 2536 --- [SpringSecurityJPA] [           main] .s.d.r.c.RepositoryConfigurationDelegate : Bootstrapping Spring Data JPA repositories in DEFAULT mode.
2026-03-22T19:23:17.327+01:00  INFO 2536 --- [SpringSecurityJPA] [           main] .s.d.r.c.RepositoryConfigurationDelegate : Finished Spring Data repository scanning in 167 ms. Found 2 JPA repository interfaces.
2026-03-22T19:23:18.832+01:00  INFO 2536 --- [SpringSecurityJPA] [           main] o.hibernate.jpa.internal.util.LogHelper  : HHH000204: Processing PersistenceUnitInfo [name: default]
2026-03-22T19:23:19.256+01:00  INFO 2536 --- [SpringSecurityJPA] [           main] org.hibernate.Version                    : HHH000412: Hibernate ORM core version 6.5.2.Final
2026-03-22T19:23:19.462+01:00  INFO 2536 --- [SpringSecurityJPA] [           main] o.h.c.internal.RegionFactoryInitiator    : HHH000026: Second-level cache disabled
2026-03-22T19:23:20.981+01:00  INFO 2536 --- [SpringSecurityJPA] [           main] o.s.o.j.p.SpringPersistenceUnitInfo      : No LoadTimeWeaver setup: ignoring JPA class transformer
2026-03-22T19:23:21.104+01:00  INFO 2536 --- [SpringSecurityJPA] [           main] com.zaxxer.hikari.HikariDataSource       : HikariPool-1 - Starting...
2026-03-22T19:23:22.412+01:00  INFO 2536 --- [SpringSecurityJPA] [           main] com.zaxxer.hikari.pool.HikariPool        : HikariPool-1 - Added connection com.mysql.cj.jdbc.ConnectionImpl@2a120c88
2026-03-22T19:23:22.412+01:00  INFO 2536 --- [SpringSecurityJPA] [           main] com.zaxxer.hikari.HikariDataSource       : HikariPool-1 - Start completed.
2026-03-22T19:23:22.502+01:00  WARN 2536 --- [SpringSecurityJPA] [           main] org.hibernate.dialect.Dialect            : HHH000511: The 5.5.5 version for [org.hibernate.dialect.MySQLDialect] is no longer supported, hence certain features may not work properly. The minimum supported version is 8.0.0. Check the community dialects project for available legacy versions.
2026-03-22T19:23:22.518+01:00  WARN 2536 --- [SpringSecurityJPA] [           main] org.hibernate.orm.deprecation            : HHH90000025: MySQLDialect does not need to be specified explicitly using 'hibernate.dialect' (remove the property setting and it will be selected by default)
2026-03-22T19:23:25.510+01:00  INFO 2536 --- [SpringSecurityJPA] [           main] o.h.e.t.j.p.i.JtaPlatformInitiator       : HHH000489: No JTA platform available (set 'hibernate.transaction.jta.platform' to enable JTA platform integration)
Hibernate: 
    create table roles (
        id bigint not null auto_increment,
        name varchar(255) not null,
        primary key (id)
    ) engine=InnoDB
Hibernate: 
    create table user_roles (
        user_id bigint not null,
        role_id bigint not null
    ) engine=InnoDB
Hibernate: 
    create table users (
        id bigint not null auto_increment,
        active bit not null,
        password varchar(255) not null,
        username varchar(255) not null,
        primary key (id)
    ) engine=InnoDB
Hibernate: 
    alter table roles 
       drop index UKofx66keruapi6vyqpv6f2or37
Hibernate: 
    alter table roles 
       add constraint UKofx66keruapi6vyqpv6f2or37 unique (name)
Hibernate: 
    alter table users 
       drop index UKr43af9ap4edm43mmtq01oddj6
Hibernate: 
    alter table users 
       add constraint UKr43af9ap4edm43mmtq01oddj6 unique (username)
Hibernate: 
    alter table user_roles 
       add constraint FKh8ciramu9cc9q3qcqiv4ue8a6 
       foreign key (role_id) 
       references roles (id)
Hibernate: 
    alter table user_roles 
       add constraint FKhfh9dx7w3ubf1co1vdev94g3f 
       foreign key (user_id) 
       references users (id)
2026-03-22T19:23:26.556+01:00  INFO 2536 --- [SpringSecurityJPA] [           main] j.LocalContainerEntityManagerFactoryBean : Initialized JPA EntityManagerFactory for persistence unit 'default'
2026-03-22T19:23:27.346+01:00  WARN 2536 --- [SpringSecurityJPA] [           main] JpaBaseConfiguration$JpaWebConfiguration : spring.jpa.open-in-view is enabled by default. Therefore, database queries may be performed during view rendering. Explicitly configure spring.jpa.open-in-view to disable this warning
2026-03-22T19:23:27.392+01:00  INFO 2536 --- [SpringSecurityJPA] [           main] eAuthenticationProviderManagerConfigurer : Global AuthenticationManager configured with AuthenticationProvider bean with name authenticationProvider
2026-03-22T19:23:27.395+01:00  WARN 2536 --- [SpringSecurityJPA] [           main] r$InitializeUserDetailsManagerConfigurer : Global AuthenticationManager configured with an AuthenticationProvider bean. UserDetailsService beans will not be used for username/password login. Consider removing the AuthenticationProvider bean. Alternatively, consider using the UserDetailsService in a manually instantiated DaoAuthenticationProvider.
2026-03-22T19:23:28.647+01:00  INFO 2536 --- [SpringSecurityJPA] [           main] o.s.s.web.DefaultSecurityFilterChain     : Will secure any request with [org.springframework.security.web.session.DisableEncodeUrlFilter@402fdef1, org.springframework.security.web.context.request.async.WebAsyncManagerIntegrationFilter@69e8f7a5, org.springframework.security.web.context.SecurityContextHolderFilter@2ffaa711, org.springframework.security.web.header.HeaderWriterFilter@28f081ad, org.springframework.web.filter.CorsFilter@1013aa94, org.springframework.security.web.csrf.CsrfFilter@7b6b8cea, org.springframework.security.web.authentication.logout.LogoutFilter@44a1ae4e, org.springframework.security.web.authentication.UsernamePasswordAuthenticationFilter@7890324e, org.springframework.security.web.savedrequest.RequestCacheAwareFilter@34074149, org.springframework.security.web.servletapi.SecurityContextHolderAwareRequestFilter@45430a27, org.springframework.security.web.authentication.AnonymousAuthenticationFilter@36bd07ec, org.springframework.security.web.access.ExceptionTranslationFilter@4cc28ad0, org.springframework.security.web.access.intercept.AuthorizationFilter@1c96bf1e]
2026-03-22T19:23:29.622+01:00  INFO 2536 --- [SpringSecurityJPA] [           main] m.f.s.SpringSecurityJpaApplicationTests  : Started SpringSecurityJpaApplicationTests in 14.451 seconds (process running for 16.564)
Hibernate: 
    select
        r1_0.id 
    from
        roles r1_0 
    where
        r1_0.name=? 
    limit
        ?
Hibernate: 
    insert 
    into
        roles
        (name) 
    values
        (?)
Hibernate: 
    select
        r1_0.id 
    from
        roles r1_0 
    where
        r1_0.name=? 
    limit
        ?
Hibernate: 
    insert 
    into
        roles
        (name) 
    values
        (?)
Hibernate: 
    select
        r1_0.id,
        r1_0.name 
    from
        roles r1_0 
    where
        r1_0.name=?
Hibernate: 
    select
        r1_0.id,
        r1_0.name 
    from
        roles r1_0 
    where
        r1_0.name=?
Hibernate: 
    select
        u1_0.id 
    from
        users u1_0 
    where
        u1_0.username=? 
    limit
        ?
Hibernate: 
    insert 
    into
        users
        (active, password, username) 
    values
        (?, ?, ?)
Hibernate: 
    insert 
    into
        user_roles
        (user_id, role_id) 
    values
        (?, ?)
Hibernate: 
    insert 
    into
        user_roles
        (user_id, role_id) 
    values
        (?, ?)
✅ Utilisateur 'admin' créé (mot de passe encodé avec BCrypt)
Hibernate: 
    select
        u1_0.id 
    from
        users u1_0 
    where
        u1_0.username=? 
    limit
        ?
Hibernate: 
    insert 
    into
        users
        (active, password, username) 
    values
        (?, ?, ?)
Hibernate: 
    insert 
    into
        user_roles
        (user_id, role_id) 
    values
        (?, ?)
✅ Utilisateur 'user' créé (mot de passe encodé avec BCrypt)
✅ Base de données initialisée avec succès !
]]></system-out>
  </testcase>
</testsuite>